<?xml version="1.0" encoding="UTF-8"?>
<!-- Generated by org.testng.reporters.JUnitXMLReporter -->
<testsuite ignored="0" hostname="DESKTOP-SLMDVNT" failures="0" tests="3" name="Test2" time="35.601" errors="0" timestamp="09 Mar 2021 21:08:29 GMT">
  <testcase classname="com.anz.SampleTestcases.AddingCart" name="loginTest" time="7.551"/>
  <testcase classname="com.anz.SampleTestcases.AddingCart" name="addingCartTest" time="15.107"/>
  <testcase classname="com.anz.SampleTestcases.AddingCart" name="checkCartDetails" time="0.049"/>
</testsuite> <!-- Test2 -->
